Arguments: 
  /usr/local/bin/node /usr/local/bin/yarn install

PATH: 
  /usr/local/Cellar/pyenv-virtualenv/1.1.3/shims:/usr/local/bin:/usr/bin:/bin:/usr/sbin:/sbin:/usr/local/go/bin:/usr/local/share/dotnet:/opt/X11/bin:~/.dotnet/tools:/Library/Frameworks/Mono.framework/Versions/Current/Commands:/Applications/Xamarin Workbooks.app/Contents/SharedSupport/path-bin:/Users/matthewbaker/dev/terraform:/Volumes/External/flutter/bin

Yarn version: 
  0.19.1

Node version: 
  10.14.1

Platform: 
  darwin x64

npm manifest: 
  {
    "name": "component-orchestrator",
    "version": "1.0.1",
    "description": "Resource coordinator",
    "main": "index.js",
    "scripts": {
      "lint": "eslint index.js src spec",
      "pretest": "npm run lint",
      "test": "mocha spec --recursive",
      "start": "node index.js",
      "start:dev": "LOG_LEVEL=trace NODE_ENV=development npm start | bunyan",
      "build": "echo \"No Build defined\"",
      "build:docker": "docker build -t openintegrationhub/component-orchestrator:${VERSION} -f Dockerfile ../../"
    },
    "author": "elastic.io",
    "license": "APL-2.0",
    "dependencies": {
      "@openintegrationhub/component-orchestrator": "*",
      "@openintegrationhub/event-bus": "*",
      "@openintegrationhub/iam-utils": "*",
      "JSONStream": "1.3.1",
      "backend-commons-lib": "*",
      "basic-auth": "2.0.1",
      "express": "4.16.3",
      "lodash": "4.17.11",
      "mongoose": "5.4.14",
      "rabbitmq-stats": "1.1.2",
      "request": "2.88.0",
      "uuid": "3.3.2"
    },
    "devDependencies": {
      "bunyan": "1.8.12",
      "chai": "4.2.0",
      "eslint": "4.5.0",
      "eslint-plugin-mocha": "4.12.1",
      "eslint-plugin-node": "6.0.1",
      "mocha": "5.2.0",
      "nock": "10.0.6",
      "sinon": "7.2.2",
      "sinon-chai": "3.3.0",
      "supertest": "4.0.2"
    },
    "engines": {
      "node": ">=8"
    }
  }

yarn manifest: 
  No manifest

Lockfile: 
  No lockfile

Trace: 
  Error: https://registry.yarnpkg.com/@openintegrationhub%2fcomponent-orchestrator: Not found
      at Request.params.callback [as _callback] (/usr/local/Cellar/yarn/0.19.1/libexec/lib/node_modules/yarn/lib/util/request-manager.js:313:18)
      at Request.self.callback (/usr/local/Cellar/yarn/0.19.1/libexec/lib/node_modules/yarn/node_modules/request/request.js:186:22)
      at Request.emit (events.js:182:13)
      at Request.<anonymous> (/usr/local/Cellar/yarn/0.19.1/libexec/lib/node_modules/yarn/node_modules/request/request.js:1081:10)
      at Request.emit (events.js:182:13)
      at IncomingMessage.<anonymous> (/usr/local/Cellar/yarn/0.19.1/libexec/lib/node_modules/yarn/node_modules/request/request.js:1001:12)
      at Object.onceWrapper (events.js:273:13)
      at IncomingMessage.emit (events.js:187:15)
      at endReadableNT (_stream_readable.js:1094:12)
      at process._tickCallback (internal/process/next_tick.js:63:19)
